00:00:00.000147 main     VirtualBox XPCOM Server 6.0.12 r132055 linux.amd64 (Sep 17 2019 10:48:12) release log
00:00:00.000149 main     Log opened 2019-10-04T06:00:54.498750000Z
00:00:00.000150 main     Build Type: release
00:00:00.000152 main     OS Product: Linux
00:00:00.000152 main     OS Release: 5.2.8-arch1-1-ARCH
00:00:00.000153 main     OS Version: #1 SMP PREEMPT Fri Aug 9 21:36:07 UTC 2019
00:00:00.000172 main     DMI Product Name: All Series
00:00:00.000180 main     DMI Product Version: System Version
00:00:00.000204 main     Host RAM: 15938MB (15.5GB) total, 15307MB (14.9GB) available
00:00:00.000206 main     Executable: /usr/lib/virtualbox/VBoxSVC
00:00:00.000206 main     Process ID: 11750
00:00:00.000207 main     Package type: LINUX_64BITS_GENERIC (OSE)
00:00:00.001476 main     IPC socket path: /tmp/.vbox-xilo-ipc/ipcd
00:00:00.106495 nspr-2   VirtualBox: object creation starts
00:00:00.106583 nspr-2   Home directory: '/home/xilo/.config/VirtualBox'
00:00:00.124567 nspr-2   NetIfAdpCtlOut: VBoxNetAdpCtl: Error while retrieving link speed for wlp0s20u4: VBoxNetAdpCtl: ioctl failed: Operation not supported
00:00:00.125577 nspr-2   NAT: resolv.conf: nameserver 129.65.16.254
00:00:00.125598 nspr-2   NAT: resolv.conf: nameserver 129.65.21.254
00:00:00.125614 nspr-2   HostDnsMonitor::updateInfo
00:00:00.125634 nspr-2   HostDnsMonitor: old information
00:00:00.125639 nspr-2     no server entries
00:00:00.125644 nspr-2     no domain set
00:00:00.125648 nspr-2     no search string entries
00:00:00.125653 nspr-2   HostDnsMonitor: new information
00:00:00.125658 nspr-2     server 1: 129.65.16.254
00:00:00.125663 nspr-2     server 2: 129.65.21.254
00:00:00.125668 nspr-2     domain: wireless.reshall.calpoly.edu
00:00:00.125672 nspr-2     no search string entries
00:00:00.128972 nspr-2   Failed to open "/dev/vboxdrvu", errno=2, rc=VERR_VM_DRIVER_NOT_INSTALLED
00:00:00.129261 nspr-2   VD: VDInit finished with VINF_SUCCESS
00:00:00.129407 nspr-2   ERROR [COM]: aRC=NS_ERROR_FAILURE (0x80004005) aIID={d55176e5-6730-4e9e-fc1f-a59b1f44f78f} aComponent={SystemPropertiesWrap} aText={Cannot determine default Guest Additions ISO location. Most likely they are not available}, preserve=false aResultDetail=0
00:00:00.130027 nspr-2   VirtualBox: object created
00:00:00.827487 nspr-2   Saving settings file "/home/xilo/.config/VirtualBox/VirtualBox.xml" with version "1.12-linux"
00:00:00.837354 nspr-2   Saving settings file "/home/xilo/.config/VirtualBox/VirtualBox.xml" with version "1.12-linux"
00:00:08.947084 nspr-2   Saving settings file "/home/xilo/.config/VirtualBox/VirtualBox.xml" with version "1.12-linux"
00:00:08.957458 nspr-2   Saving settings file "/home/xilo/.config/VirtualBox/VirtualBox.xml" with version "1.12-linux"
00:00:08.963174 nspr-3   Saving settings file "/home/xilo/.config/VirtualBox/VirtualBox.xml" with version "1.12-linux"
00:00:08.973528 nspr-3   Saving settings file "/home/xilo/.config/VirtualBox/VirtualBox.xml" with version "1.12-linux"
00:00:08.978799 nspr-2   Saving settings file "/home/xilo/.config/VirtualBox/VirtualBox.xml" with version "1.12-linux"
00:00:08.983869 nspr-3   Saving settings file "/home/xilo/.config/VirtualBox/VirtualBox.xml" with version "1.12-linux"
00:00:14.495715 main     VirtualBox: object deletion starts
00:00:14.632858 Watcher  ERROR [COM]: aRC=E_ACCESSDENIED (0x80070005) aIID={d0a0163f-e254-4e5b-a1f2-011cf991c38d} aComponent={VirtualBoxWrap} aText={The object is not ready}, preserve=false aResultDetail=0
00:00:19.502687 main     {00007f0688016310} HostPowerServiceLinux::~HostPowerServiceLinux: RTThreadWait() for 5000 ms failed with VERR_TIMEOUT
00:00:19.502993 main     VirtualBox: object deleted
